<?xml version="1.0" encoding="UTF-8"?>
<testsuite xmlns:xsi="http://www.w3.org/2001/XMLSchema-instance" xsi:noNamespaceSchemaLocation="https://maven.apache.org/surefire/maven-surefire-plugin/xsd/surefire-test-report.xsd" name="runners.TestRunner" time="8.611" tests="1" errors="0" skipped="0" failures="0">
  <properties>
    <property name="java.specification.version" value="17"/>
    <property name="sun.jnu.encoding" value="UTF-8"/>
    <property name="java.class.path" value="/Users/sid/eclipse-workspace/seleniumPageObjects/target/test-classes:/Users/sid/eclipse-workspace/seleniumPageObjects/target/classes:/Users/sid/.m2/repository/io/cucumber/cucumber-java/7.18.0/cucumber-java-7.18.0.jar:/Users/sid/.m2/repository/io/cucumber/cucumber-core/7.18.0/cucumber-core-7.18.0.jar:/Users/sid/.m2/repository/io/cucumber/cucumber-gherkin/7.18.0/cucumber-gherkin-7.18.0.jar:/Users/sid/.m2/repository/io/cucumber/cucumber-gherkin-messages/7.18.0/cucumber-gherkin-messages-7.18.0.jar:/Users/sid/.m2/repository/io/cucumber/gherkin/28.0.0/gherkin-28.0.0.jar:/Users/sid/.m2/repository/io/cucumber/messages/24.1.0/messages-24.1.0.jar:/Users/sid/.m2/repository/io/cucumber/testng-xml-formatter/0.1.0/testng-xml-formatter-0.1.0.jar:/Users/sid/.m2/repository/io/cucumber/query/12.2.0/query-12.2.0.jar:/Users/sid/.m2/repository/io/cucumber/tag-expressions/6.1.0/tag-expressions-6.1.0.jar:/Users/sid/.m2/repository/io/cucumber/cucumber-expressions/17.1.0/cucumber-expressions-17.1.0.jar:/Users/sid/.m2/repository/io/cucumber/datatable/7.18.0/datatable-7.18.0.jar:/Users/sid/.m2/repository/io/cucumber/cucumber-plugin/7.18.0/cucumber-plugin-7.18.0.jar:/Users/sid/.m2/repository/io/cucumber/docstring/7.18.0/docstring-7.18.0.jar:/Users/sid/.m2/repository/io/cucumber/html-formatter/21.3.1/html-formatter-21.3.1.jar:/Users/sid/.m2/repository/io/cucumber/junit-xml-formatter/0.4.0/junit-xml-formatter-0.4.0.jar:/Users/sid/.m2/repository/io/cucumber/ci-environment/10.0.1/ci-environment-10.0.1.jar:/Users/sid/.m2/repository/org/apiguardian/apiguardian-api/1.1.2/apiguardian-api-1.1.2.jar:/Users/sid/.m2/repository/commons-io/commons-io/2.16.1/commons-io-2.16.1.jar:/Users/sid/.m2/repository/io/cucumber/cucumber-picocontainer/7.18.0/cucumber-picocontainer-7.18.0.jar:/Users/sid/.m2/repository/org/picocontainer/picocontainer/2.15/picocontainer-2.15.jar:/Users/sid/.m2/repository/tech/grasshopper/extentreports-cucumber7-adapter/1.14.0/extentreports-cucumber7-adapter-1.14.0.jar:/Users/sid/.m2/repository/tech/grasshopper/extent-pdf-report/2.12.0/extent-pdf-report-2.12.0.jar:/Users/sid/.m2/repository/tech/grasshopper/cucumber-pdf-report/2.14.0/cucumber-pdf-report-2.14.0.jar:/Users/sid/.m2/repository/org/apache/pdfbox/pdfbox/2.0.26/pdfbox-2.0.26.jar:/Users/sid/.m2/repository/org/apache/pdfbox/fontbox/2.0.26/fontbox-2.0.26.jar:/Users/sid/.m2/repository/org/knowm/xchart/xchart/3.8.0/xchart-3.8.0.jar:/Users/sid/.m2/repository/de/erichseifert/vectorgraphics2d/VectorGraphics2D/0.13/VectorGraphics2D-0.13.jar:/Users/sid/.m2/repository/de/rototor/pdfbox/graphics2d/0.30/graphics2d-0.30.jar:/Users/sid/.m2/repository/com/madgag/animated-gif-lib/1.4/animated-gif-lib-1.4.jar:/Users/sid/.m2/repository/org/yaml/snakeyaml/2.0/snakeyaml-2.0.jar:/Users/sid/.m2/repository/tech/grasshopper/table-layout/1.5.1/table-layout-1.5.1.jar:/Users/sid/.m2/repository/tech/grasshopper/rest-assured-cucumber-pdf-report/1.5.0/rest-assured-cucumber-pdf-report-1.5.0.jar:/Users/sid/.m2/repository/org/jsoup/jsoup/1.15.3/jsoup-1.15.3.jar:/Users/sid/.m2/repository/com/aventstack/klov-reporter/5.1.0/klov-reporter-5.1.0.jar:/Users/sid/.m2/repository/org/mongodb/mongodb-driver/3.6.4/mongodb-driver-3.6.4.jar:/Users/sid/.m2/repository/org/mongodb/mongodb-driver-core/3.6.4/mongodb-driver-core-3.6.4.jar:/Users/sid/.m2/repository/org/mongodb/bson/3.6.4/bson-3.6.4.jar:/Users/sid/.m2/repository/org/apache/httpcomponents/httpclient/4.5.13/httpclient-4.5.13.jar:/Users/sid/.m2/repository/org/apache/httpcomponents/httpcore/4.4.13/httpcore-4.4.13.jar:/Users/sid/.m2/repository/commons-logging/commons-logging/1.2/commons-logging-1.2.jar:/Users/sid/.m2/repository/commons-codec/commons-codec/1.11/commons-codec-1.11.jar:/Users/sid/.m2/repository/org/apache/httpcomponents/httpmime/4.5.13/httpmime-4.5.13.jar:/Users/sid/.m2/repository/tech/grasshopper/htmlextentreporter/1.1.0/htmlextentreporter-1.1.0.jar:/Users/sid/.m2/repository/tech/grasshopper/extent-excel-report/1.4.0/extent-excel-report-1.4.0.jar:/Users/sid/.m2/repository/org/apache/poi/poi/5.2.3/poi-5.2.3.jar:/Users/sid/.m2/repository/org/apache/commons/commons-collections4/4.4/commons-collections4-4.4.jar:/Users/sid/.m2/repository/org/apache/commons/commons-math3/3.6.1/commons-math3-3.6.1.jar:/Users/sid/.m2/repository/com/zaxxer/SparseBitSet/1.2/SparseBitSet-1.2.jar:/Users/sid/.m2/repository/org/apache/logging/log4j/log4j-api/2.18.0/log4j-api-2.18.0.jar:/Users/sid/.m2/repository/org/apache/poi/poi-ooxml/5.2.3/poi-ooxml-5.2.3.jar:/Users/sid/.m2/repository/org/apache/poi/poi-ooxml-lite/5.2.3/poi-ooxml-lite-5.2.3.jar:/Users/sid/.m2/repository/org/apache/xmlbeans/xmlbeans/5.1.1/xmlbeans-5.1.1.jar:/Users/sid/.m2/repository/org/apache/commons/commons-compress/1.21/commons-compress-1.21.jar:/Users/sid/.m2/repository/com/github/virtuald/curvesapi/1.07/curvesapi-1.07.jar:/Users/sid/.m2/repository/io/cucumber/cucumber-testng/7.18.0/cucumber-testng-7.18.0.jar:/Users/sid/.m2/repository/org/testng/testng/7.10.2/testng-7.10.2.jar:/Users/sid/.m2/repository/org/slf4j/slf4j-api/1.7.36/slf4j-api-1.7.36.jar:/Users/sid/.m2/repository/com/beust/jcommander/1.82/jcommander-1.82.jar:/Users/sid/.m2/repository/org/webjars/jquery/3.7.1/jquery-3.7.1.jar:/Users/sid/.m2/repository/org/seleniumhq/selenium/selenium-java/4.22.0/selenium-java-4.22.0.jar:/Users/sid/.m2/repository/org/seleniumhq/selenium/selenium-api/4.22.0/selenium-api-4.22.0.jar:/Users/sid/.m2/repository/org/seleniumhq/selenium/selenium-chrome-driver/4.22.0/selenium-chrome-driver-4.22.0.jar:/Users/sid/.m2/repository/com/google/auto/service/auto-service-annotations/1.1.1/auto-service-annotations-1.1.1.jar:/Users/sid/.m2/repository/org/seleniumhq/selenium/selenium-chromium-driver/4.22.0/selenium-chromium-driver-4.22.0.jar:/Users/sid/.m2/repository/org/seleniumhq/selenium/selenium-json/4.22.0/selenium-json-4.22.0.jar:/Users/sid/.m2/repository/org/seleniumhq/selenium/selenium-manager/4.22.0/selenium-manager-4.22.0.jar:/Users/sid/.m2/repository/org/seleniumhq/selenium/selenium-devtools-v124/4.22.0/selenium-devtools-v124-4.22.0.jar:/Users/sid/.m2/repository/org/seleniumhq/selenium/selenium-devtools-v125/4.22.0/selenium-devtools-v125-4.22.0.jar:/Users/sid/.m2/repository/org/seleniumhq/selenium/selenium-devtools-v126/4.22.0/selenium-devtools-v126-4.22.0.jar:/Users/sid/.m2/repository/org/seleniumhq/selenium/selenium-devtools-v85/4.22.0/selenium-devtools-v85-4.22.0.jar:/Users/sid/.m2/repository/org/seleniumhq/selenium/selenium-edge-driver/4.22.0/selenium-edge-driver-4.22.0.jar:/Users/sid/.m2/repository/org/seleniumhq/selenium/selenium-firefox-driver/4.22.0/selenium-firefox-driver-4.22.0.jar:/Users/sid/.m2/repository/org/seleniumhq/selenium/selenium-http/4.22.0/selenium-http-4.22.0.jar:/Users/sid/.m2/repository/dev/failsafe/failsafe/3.3.2/failsafe-3.3.2.jar:/Users/sid/.m2/repository/org/seleniumhq/selenium/selenium-ie-driver/4.22.0/selenium-ie-driver-4.22.0.jar:/Users/sid/.m2/repository/org/seleniumhq/selenium/selenium-remote-driver/4.22.0/selenium-remote-driver-4.22.0.jar:/Users/sid/.m2/repository/com/google/guava/guava/33.2.1-jre/guava-33.2.1-jre.jar:/Users/sid/.m2/repository/com/google/guava/failureaccess/1.0.2/failureaccess-1.0.2.jar:/Users/sid/.m2/repository/com/google/guava/listenablefuture/9999.0-empty-to-avoid-conflict-with-guava/listenablefuture-9999.0-empty-to-avoid-conflict-with-guava.jar:/Users/sid/.m2/repository/com/google/code/findbugs/jsr305/3.0.2/jsr305-3.0.2.jar:/Users/sid/.m2/repository/org/checkerframework/checker-qual/3.42.0/checker-qual-3.42.0.jar:/Users/sid/.m2/repository/com/google/errorprone/error_prone_annotations/2.26.1/error_prone_annotations-2.26.1.jar:/Users/sid/.m2/repository/com/google/j2objc/j2objc-annotations/3.0.0/j2objc-annotations-3.0.0.jar:/Users/sid/.m2/repository/io/opentelemetry/semconv/opentelemetry-semconv/1.25.0-alpha/opentelemetry-semconv-1.25.0-alpha.jar:/Users/sid/.m2/repository/io/opentelemetry/opentelemetry-api/1.39.0/opentelemetry-api-1.39.0.jar:/Users/sid/.m2/repository/io/opentelemetry/opentelemetry-context/1.39.0/opentelemetry-context-1.39.0.jar:/Users/sid/.m2/repository/io/opentelemetry/opentelemetry-exporter-logging/1.39.0/opentelemetry-exporter-logging-1.39.0.jar:/Users/sid/.m2/repository/io/opentelemetry/opentelemetry-sdk-common/1.39.0/opentelemetry-sdk-common-1.39.0.jar:/Users/sid/.m2/repository/io/opentelemetry/opentelemetry-sdk-extension-autoconfigure-spi/1.39.0/opentelemetry-sdk-extension-autoconfigure-spi-1.39.0.jar:/Users/sid/.m2/repository/io/opentelemetry/opentelemetry-sdk-extension-autoconfigure/1.39.0/opentelemetry-sdk-extension-autoconfigure-1.39.0.jar:/Users/sid/.m2/repository/io/opentelemetry/opentelemetry-api-incubator/1.39.0-alpha/opentelemetry-api-incubator-1.39.0-alpha.jar:/Users/sid/.m2/repository/io/opentelemetry/opentelemetry-sdk-trace/1.39.0/opentelemetry-sdk-trace-1.39.0.jar:/Users/sid/.m2/repository/io/opentelemetry/opentelemetry-sdk/1.39.0/opentelemetry-sdk-1.39.0.jar:/Users/sid/.m2/repository/io/opentelemetry/opentelemetry-sdk-metrics/1.39.0/opentelemetry-sdk-metrics-1.39.0.jar:/Users/sid/.m2/repository/io/opentelemetry/opentelemetry-sdk-logs/1.39.0/opentelemetry-sdk-logs-1.39.0.jar:/Users/sid/.m2/repository/net/bytebuddy/byte-buddy/1.14.17/byte-buddy-1.14.17.jar:/Users/sid/.m2/repository/org/seleniumhq/selenium/selenium-os/4.22.0/selenium-os-4.22.0.jar:/Users/sid/.m2/repository/org/apache/commons/commons-exec/1.4.0/commons-exec-1.4.0.jar:/Users/sid/.m2/repository/org/seleniumhq/selenium/selenium-safari-driver/4.22.0/selenium-safari-driver-4.22.0.jar:/Users/sid/.m2/repository/org/seleniumhq/selenium/selenium-support/4.22.0/selenium-support-4.22.0.jar:/Users/sid/.m2/repository/com/aventstack/extentreports/5.1.2/extentreports-5.1.2.jar:/Users/sid/.m2/repository/io/reactivex/rxjava3/rxjava/3.1.6/rxjava-3.1.6.jar:/Users/sid/.m2/repository/org/reactivestreams/reactive-streams/1.0.4/reactive-streams-1.0.4.jar:/Users/sid/.m2/repository/org/freemarker/freemarker/2.3.32/freemarker-2.3.32.jar:/Users/sid/.m2/repository/org/projectlombok/lombok/1.18.26/lombok-1.18.26.jar:/Users/sid/.m2/repository/com/google/code/gson/gson/2.10.1/gson-2.10.1.jar:"/>
    <property name="java.vm.vendor" value="Oracle Corporation"/>
    <property name="sun.arch.data.model" value="64"/>
    <property name="java.vendor.url" value="https://java.oracle.com/"/>
    <property name="os.name" value="Mac OS X"/>
    <property name="java.vm.specification.version" value="17"/>
    <property name="sun.java.launcher" value="SUN_STANDARD"/>
    <property name="user.country" value="US"/>
    <property name="sun.boot.library.path" value="/Library/Java/JavaVirtualMachines/jdk-17.jdk/Contents/Home/lib"/>
    <property name="sun.java.command" value="/Users/sid/eclipse-workspace/seleniumPageObjects/target/surefire/surefirebooter1920617357334224361.jar /Users/sid/eclipse-workspace/seleniumPageObjects/target/surefire 2024-07-04T21-18-23_375-jvmRun1 surefire14425987076803107346tmp surefire_013983296946202195227tmp"/>
    <property name="http.nonProxyHosts" value="local|*.local|169.254/16|*.169.254/16"/>
    <property name="jdk.debug" value="release"/>
    <property name="surefire.test.class.path" value="/Users/sid/eclipse-workspace/seleniumPageObjects/target/test-classes:/Users/sid/eclipse-workspace/seleniumPageObjects/target/classes:/Users/sid/.m2/repository/io/cucumber/cucumber-java/7.18.0/cucumber-java-7.18.0.jar:/Users/sid/.m2/repository/io/cucumber/cucumber-core/7.18.0/cucumber-core-7.18.0.jar:/Users/sid/.m2/repository/io/cucumber/cucumber-gherkin/7.18.0/cucumber-gherkin-7.18.0.jar:/Users/sid/.m2/repository/io/cucumber/cucumber-gherkin-messages/7.18.0/cucumber-gherkin-messages-7.18.0.jar:/Users/sid/.m2/repository/io/cucumber/gherkin/28.0.0/gherkin-28.0.0.jar:/Users/sid/.m2/repository/io/cucumber/messages/24.1.0/messages-24.1.0.jar:/Users/sid/.m2/repository/io/cucumber/testng-xml-formatter/0.1.0/testng-xml-formatter-0.1.0.jar:/Users/sid/.m2/repository/io/cucumber/query/12.2.0/query-12.2.0.jar:/Users/sid/.m2/repository/io/cucumber/tag-expressions/6.1.0/tag-expressions-6.1.0.jar:/Users/sid/.m2/repository/io/cucumber/cucumber-expressions/17.1.0/cucumber-expressions-17.1.0.jar:/Users/sid/.m2/repository/io/cucumber/datatable/7.18.0/datatable-7.18.0.jar:/Users/sid/.m2/repository/io/cucumber/cucumber-plugin/7.18.0/cucumber-plugin-7.18.0.jar:/Users/sid/.m2/repository/io/cucumber/docstring/7.18.0/docstring-7.18.0.jar:/Users/sid/.m2/repository/io/cucumber/html-formatter/21.3.1/html-formatter-21.3.1.jar:/Users/sid/.m2/repository/io/cucumber/junit-xml-formatter/0.4.0/junit-xml-formatter-0.4.0.jar:/Users/sid/.m2/repository/io/cucumber/ci-environment/10.0.1/ci-environment-10.0.1.jar:/Users/sid/.m2/repository/org/apiguardian/apiguardian-api/1.1.2/apiguardian-api-1.1.2.jar:/Users/sid/.m2/repository/commons-io/commons-io/2.16.1/commons-io-2.16.1.jar:/Users/sid/.m2/repository/io/cucumber/cucumber-picocontainer/7.18.0/cucumber-picocontainer-7.18.0.jar:/Users/sid/.m2/repository/org/picocontainer/picocontainer/2.15/picocontainer-2.15.jar:/Users/sid/.m2/repository/tech/grasshopper/extentreports-cucumber7-adapter/1.14.0/extentreports-cucumber7-adapter-1.14.0.jar:/Users/sid/.m2/repository/tech/grasshopper/extent-pdf-report/2.12.0/extent-pdf-report-2.12.0.jar:/Users/sid/.m2/repository/tech/grasshopper/cucumber-pdf-report/2.14.0/cucumber-pdf-report-2.14.0.jar:/Users/sid/.m2/repository/org/apache/pdfbox/pdfbox/2.0.26/pdfbox-2.0.26.jar:/Users/sid/.m2/repository/org/apache/pdfbox/fontbox/2.0.26/fontbox-2.0.26.jar:/Users/sid/.m2/repository/org/knowm/xchart/xchart/3.8.0/xchart-3.8.0.jar:/Users/sid/.m2/repository/de/erichseifert/vectorgraphics2d/VectorGraphics2D/0.13/VectorGraphics2D-0.13.jar:/Users/sid/.m2/repository/de/rototor/pdfbox/graphics2d/0.30/graphics2d-0.30.jar:/Users/sid/.m2/repository/com/madgag/animated-gif-lib/1.4/animated-gif-lib-1.4.jar:/Users/sid/.m2/repository/org/yaml/snakeyaml/2.0/snakeyaml-2.0.jar:/Users/sid/.m2/repository/tech/grasshopper/table-layout/1.5.1/table-layout-1.5.1.jar:/Users/sid/.m2/repository/tech/grasshopper/rest-assured-cucumber-pdf-report/1.5.0/rest-assured-cucumber-pdf-report-1.5.0.jar:/Users/sid/.m2/repository/org/jsoup/jsoup/1.15.3/jsoup-1.15.3.jar:/Users/sid/.m2/repository/com/aventstack/klov-reporter/5.1.0/klov-reporter-5.1.0.jar:/Users/sid/.m2/repository/org/mongodb/mongodb-driver/3.6.4/mongodb-driver-3.6.4.jar:/Users/sid/.m2/repository/org/mongodb/mongodb-driver-core/3.6.4/mongodb-driver-core-3.6.4.jar:/Users/sid/.m2/repository/org/mongodb/bson/3.6.4/bson-3.6.4.jar:/Users/sid/.m2/repository/org/apache/httpcomponents/httpclient/4.5.13/httpclient-4.5.13.jar:/Users/sid/.m2/repository/org/apache/httpcomponents/httpcore/4.4.13/httpcore-4.4.13.jar:/Users/sid/.m2/repository/commons-logging/commons-logging/1.2/commons-logging-1.2.jar:/Users/sid/.m2/repository/commons-codec/commons-codec/1.11/commons-codec-1.11.jar:/Users/sid/.m2/repository/org/apache/httpcomponents/httpmime/4.5.13/httpmime-4.5.13.jar:/Users/sid/.m2/repository/tech/grasshopper/htmlextentreporter/1.1.0/htmlextentreporter-1.1.0.jar:/Users/sid/.m2/repository/tech/grasshopper/extent-excel-report/1.4.0/extent-excel-report-1.4.0.jar:/Users/sid/.m2/repository/org/apache/poi/poi/5.2.3/poi-5.2.3.jar:/Users/sid/.m2/repository/org/apache/commons/commons-collections4/4.4/commons-collections4-4.4.jar:/Users/sid/.m2/repository/org/apache/commons/commons-math3/3.6.1/commons-math3-3.6.1.jar:/Users/sid/.m2/repository/com/zaxxer/SparseBitSet/1.2/SparseBitSet-1.2.jar:/Users/sid/.m2/repository/org/apache/logging/log4j/log4j-api/2.18.0/log4j-api-2.18.0.jar:/Users/sid/.m2/repository/org/apache/poi/poi-ooxml/5.2.3/poi-ooxml-5.2.3.jar:/Users/sid/.m2/repository/org/apache/poi/poi-ooxml-lite/5.2.3/poi-ooxml-lite-5.2.3.jar:/Users/sid/.m2/repository/org/apache/xmlbeans/xmlbeans/5.1.1/xmlbeans-5.1.1.jar:/Users/sid/.m2/repository/org/apache/commons/commons-compress/1.21/commons-compress-1.21.jar:/Users/sid/.m2/repository/com/github/virtuald/curvesapi/1.07/curvesapi-1.07.jar:/Users/sid/.m2/repository/io/cucumber/cucumber-testng/7.18.0/cucumber-testng-7.18.0.jar:/Users/sid/.m2/repository/org/testng/testng/7.10.2/testng-7.10.2.jar:/Users/sid/.m2/repository/org/slf4j/slf4j-api/1.7.36/slf4j-api-1.7.36.jar:/Users/sid/.m2/repository/com/beust/jcommander/1.82/jcommander-1.82.jar:/Users/sid/.m2/repository/org/webjars/jquery/3.7.1/jquery-3.7.1.jar:/Users/sid/.m2/repository/org/seleniumhq/selenium/selenium-java/4.22.0/selenium-java-4.22.0.jar:/Users/sid/.m2/repository/org/seleniumhq/selenium/selenium-api/4.22.0/selenium-api-4.22.0.jar:/Users/sid/.m2/repository/org/seleniumhq/selenium/selenium-chrome-driver/4.22.0/selenium-chrome-driver-4.22.0.jar:/Users/sid/.m2/repository/com/google/auto/service/auto-service-annotations/1.1.1/auto-service-annotations-1.1.1.jar:/Users/sid/.m2/repository/org/seleniumhq/selenium/selenium-chromium-driver/4.22.0/selenium-chromium-driver-4.22.0.jar:/Users/sid/.m2/repository/org/seleniumhq/selenium/selenium-json/4.22.0/selenium-json-4.22.0.jar:/Users/sid/.m2/repository/org/seleniumhq/selenium/selenium-manager/4.22.0/selenium-manager-4.22.0.jar:/Users/sid/.m2/repository/org/seleniumhq/selenium/selenium-devtools-v124/4.22.0/selenium-devtools-v124-4.22.0.jar:/Users/sid/.m2/repository/org/seleniumhq/selenium/selenium-devtools-v125/4.22.0/selenium-devtools-v125-4.22.0.jar:/Users/sid/.m2/repository/org/seleniumhq/selenium/selenium-devtools-v126/4.22.0/selenium-devtools-v126-4.22.0.jar:/Users/sid/.m2/repository/org/seleniumhq/selenium/selenium-devtools-v85/4.22.0/selenium-devtools-v85-4.22.0.jar:/Users/sid/.m2/repository/org/seleniumhq/selenium/selenium-edge-driver/4.22.0/selenium-edge-driver-4.22.0.jar:/Users/sid/.m2/repository/org/seleniumhq/selenium/selenium-firefox-driver/4.22.0/selenium-firefox-driver-4.22.0.jar:/Users/sid/.m2/repository/org/seleniumhq/selenium/selenium-http/4.22.0/selenium-http-4.22.0.jar:/Users/sid/.m2/repository/dev/failsafe/failsafe/3.3.2/failsafe-3.3.2.jar:/Users/sid/.m2/repository/org/seleniumhq/selenium/selenium-ie-driver/4.22.0/selenium-ie-driver-4.22.0.jar:/Users/sid/.m2/repository/org/seleniumhq/selenium/selenium-remote-driver/4.22.0/selenium-remote-driver-4.22.0.jar:/Users/sid/.m2/repository/com/google/guava/guava/33.2.1-jre/guava-33.2.1-jre.jar:/Users/sid/.m2/repository/com/google/guava/failureaccess/1.0.2/failureaccess-1.0.2.jar:/Users/sid/.m2/repository/com/google/guava/listenablefuture/9999.0-empty-to-avoid-conflict-with-guava/listenablefuture-9999.0-empty-to-avoid-conflict-with-guava.jar:/Users/sid/.m2/repository/com/google/code/findbugs/jsr305/3.0.2/jsr305-3.0.2.jar:/Users/sid/.m2/repository/org/checkerframework/checker-qual/3.42.0/checker-qual-3.42.0.jar:/Users/sid/.m2/repository/com/google/errorprone/error_prone_annotations/2.26.1/error_prone_annotations-2.26.1.jar:/Users/sid/.m2/repository/com/google/j2objc/j2objc-annotations/3.0.0/j2objc-annotations-3.0.0.jar:/Users/sid/.m2/repository/io/opentelemetry/semconv/opentelemetry-semconv/1.25.0-alpha/opentelemetry-semconv-1.25.0-alpha.jar:/Users/sid/.m2/repository/io/opentelemetry/opentelemetry-api/1.39.0/opentelemetry-api-1.39.0.jar:/Users/sid/.m2/repository/io/opentelemetry/opentelemetry-context/1.39.0/opentelemetry-context-1.39.0.jar:/Users/sid/.m2/repository/io/opentelemetry/opentelemetry-exporter-logging/1.39.0/opentelemetry-exporter-logging-1.39.0.jar:/Users/sid/.m2/repository/io/opentelemetry/opentelemetry-sdk-common/1.39.0/opentelemetry-sdk-common-1.39.0.jar:/Users/sid/.m2/repository/io/opentelemetry/opentelemetry-sdk-extension-autoconfigure-spi/1.39.0/opentelemetry-sdk-extension-autoconfigure-spi-1.39.0.jar:/Users/sid/.m2/repository/io/opentelemetry/opentelemetry-sdk-extension-autoconfigure/1.39.0/opentelemetry-sdk-extension-autoconfigure-1.39.0.jar:/Users/sid/.m2/repository/io/opentelemetry/opentelemetry-api-incubator/1.39.0-alpha/opentelemetry-api-incubator-1.39.0-alpha.jar:/Users/sid/.m2/repository/io/opentelemetry/opentelemetry-sdk-trace/1.39.0/opentelemetry-sdk-trace-1.39.0.jar:/Users/sid/.m2/repository/io/opentelemetry/opentelemetry-sdk/1.39.0/opentelemetry-sdk-1.39.0.jar:/Users/sid/.m2/repository/io/opentelemetry/opentelemetry-sdk-metrics/1.39.0/opentelemetry-sdk-metrics-1.39.0.jar:/Users/sid/.m2/repository/io/opentelemetry/opentelemetry-sdk-logs/1.39.0/opentelemetry-sdk-logs-1.39.0.jar:/Users/sid/.m2/repository/net/bytebuddy/byte-buddy/1.14.17/byte-buddy-1.14.17.jar:/Users/sid/.m2/repository/org/seleniumhq/selenium/selenium-os/4.22.0/selenium-os-4.22.0.jar:/Users/sid/.m2/repository/org/apache/commons/commons-exec/1.4.0/commons-exec-1.4.0.jar:/Users/sid/.m2/repository/org/seleniumhq/selenium/selenium-safari-driver/4.22.0/selenium-safari-driver-4.22.0.jar:/Users/sid/.m2/repository/org/seleniumhq/selenium/selenium-support/4.22.0/selenium-support-4.22.0.jar:/Users/sid/.m2/repository/com/aventstack/extentreports/5.1.2/extentreports-5.1.2.jar:/Users/sid/.m2/repository/io/reactivex/rxjava3/rxjava/3.1.6/rxjava-3.1.6.jar:/Users/sid/.m2/repository/org/reactivestreams/reactive-streams/1.0.4/reactive-streams-1.0.4.jar:/Users/sid/.m2/repository/org/freemarker/freemarker/2.3.32/freemarker-2.3.32.jar:/Users/sid/.m2/repository/org/projectlombok/lombok/1.18.26/lombok-1.18.26.jar:/Users/sid/.m2/repository/com/google/code/gson/gson/2.10.1/gson-2.10.1.jar:"/>
    <property name="sun.cpu.endian" value="little"/>
    <property name="user.home" value="/Users/sid"/>
    <property name="user.language" value="en"/>
    <property name="java.specification.vendor" value="Oracle Corporation"/>
    <property name="java.version.date" value="2024-01-16"/>
    <property name="java.home" value="/Library/Java/JavaVirtualMachines/jdk-17.jdk/Contents/Home"/>
    <property name="file.separator" value="/"/>
    <property name="basedir" value="/Users/sid/eclipse-workspace/seleniumPageObjects"/>
    <property name="java.vm.compressedOopsMode" value="Zero based"/>
    <property name="line.separator" value="&#10;"/>
    <property name="java.vm.specification.vendor" value="Oracle Corporation"/>
    <property name="java.specification.name" value="Java Platform API Specification"/>
    <property name="surefire.real.class.path" value="/Users/sid/eclipse-workspace/seleniumPageObjects/target/surefire/surefirebooter1920617357334224361.jar"/>
    <property name="sun.management.compiler" value="HotSpot 64-Bit Tiered Compilers"/>
    <property name="ftp.nonProxyHosts" value="local|*.local|169.254/16|*.169.254/16"/>
    <property name="java.runtime.version" value="17.0.10+11-LTS-240"/>
    <property name="user.name" value="sid"/>
    <property name="path.separator" value=":"/>
    <property name="os.version" value="14.5"/>
    <property name="java.runtime.name" value="Java(TM) SE Runtime Environment"/>
    <property name="file.encoding" value="UTF-8"/>
    <property name="browser" value="Firefox"/>
    <property name="java.vm.name" value="Java HotSpot(TM) 64-Bit Server VM"/>
    <property name="localRepository" value="/Users/sid/.m2/repository"/>
    <property name="java.vendor.url.bug" value="https://bugreport.java.com/bugreport/"/>
    <property name="java.io.tmpdir" value="/var/folders/18/gt_79th91nqd42qpd2c4grgr0000gn/T/"/>
    <property name="java.version" value="17.0.10"/>
    <property name="user.dir" value="/Users/sid/eclipse-workspace/seleniumPageObjects"/>
    <property name="os.arch" value="aarch64"/>
    <property name="java.vm.specification.name" value="Java Virtual Machine Specification"/>
    <property name="env" value="smoke"/>
    <property name="native.encoding" value="UTF-8"/>
    <property name="java.library.path" value="/Users/sid/Library/Java/Extensions:/Library/Java/Extensions:/Network/Library/Java/Extensions:/System/Library/Java/Extensions:/usr/lib/java:."/>
    <property name="java.vm.info" value="mixed mode, sharing"/>
    <property name="java.vendor" value="Oracle Corporation"/>
    <property name="java.vm.version" value="17.0.10+11-LTS-240"/>
    <property name="sun.io.unicode.encoding" value="UnicodeBig"/>
    <property name="socksNonProxyHosts" value="local|*.local|169.254/16|*.169.254/16"/>
    <property name="java.class.version" value="61.0"/>
  </properties>
  <testcase name="runScenario" classname="runners.TestRunner" time="8.119"/>
</testsuite>