<?xml version="1.0" encoding="UTF-8"?>
<!-- Generated by org.testng.reporters.JUnitReportReporter -->
<testsuite hostname="Siddannas-MacBook-Pro.local" failures="0" tests="1" name="runners.TestRunner" time="6.880" errors="0" timestamp="2024-07-04T21:32:00 EDT" skipped="0">
  <testcase classname="runners.TestRunner" name="runScenario" time="6.880"/>
</testsuite> <!-- runners.TestRunner -->
