<?xml version="1.0" encoding="UTF-8"?>
<!-- Generated by org.testng.reporters.JUnitReportReporter -->
<testsuite hostname="Siddannas-MacBook-Pro.local" failures="0" tests="1" name="runners.TestRunner" time="8.118" errors="0" timestamp="2024-07-04T21:18:32 EDT" skipped="0">
  <testcase classname="runners.TestRunner" name="runScenario" time="8.118"/>
</testsuite> <!-- runners.TestRunner -->
